"*** 07/10/2018 - 16:23:59 ***"
"- DESCRIZIONE ERRORE: Formato della stringa di input non corretto."
"- NOME PROCEDURA:    in System.Number.StringToNumber(String str, NumberStyles options, NumberBuffer& number, NumberFormatInfo info, Boolean parseDecimal)
   in System.Number.ParseInt32(String s, NumberStyles style, NumberFormatInfo info)
   in System.String.System.IConvertible.ToInt32(IFormatProvider provider)
   in System.Convert.ToInt32(Object value)
   in Hospitality_Solution.frmMain.CalcolaClientiItaliani(String data) in D:\Montana Software - Progetti\Hospitality Solution\Versione 3.3.0.0\Codice\Form\Hospitality\Main.vb:riga 15966"
"
"
"*** 07/10/2018 - 16:24:03 ***"
"- DESCRIZIONE ERRORE: Riferimento a un oggetto non impostato su un'istanza di oggetto."
"- NOME PROCEDURA:    in Hospitality_Solution.frmMain.ElaboraModelloIstaC59(DateTime dataOggi) in D:\Montana Software - Progetti\Hospitality Solution\Versione 3.3.0.0\Codice\Form\Hospitality\Main.vb:riga 16282"
"
"
"*** 07/10/2018 - 16:24:30 ***"
"- DESCRIZIONE ERRORE: Formato della stringa di input non corretto."
"- NOME PROCEDURA:    in System.Number.StringToNumber(String str, NumberStyles options, NumberBuffer& number, NumberFormatInfo info, Boolean parseDecimal)
   in System.Number.ParseInt32(String s, NumberStyles style, NumberFormatInfo info)
   in System.String.System.IConvertible.ToInt32(IFormatProvider provider)
   in System.Convert.ToInt32(Object value)
   in Hospitality_Solution.frmMain.CalcolaClientiItaliani(String data) in D:\Montana Software - Progetti\Hospitality Solution\Versione 3.3.0.0\Codice\Form\Hospitality\Main.vb:riga 15966"
"
"
"*** 07/10/2018 - 16:24:32 ***"
"- DESCRIZIONE ERRORE: Riferimento a un oggetto non impostato su un'istanza di oggetto."
"- NOME PROCEDURA:    in Hospitality_Solution.frmMain.ElaboraModelloIstaC59(DateTime dataOggi) in D:\Montana Software - Progetti\Hospitality Solution\Versione 3.3.0.0\Codice\Form\Hospitality\Main.vb:riga 16282"
"
"
"*** 09/10/2018 - 21:16:19 ***"
"- DESCRIZIONE ERRORE: Riferimento a un oggetto non impostato su un'istanza di oggetto."
"- NOME PROCEDURA:    in Hospitality_Solution.frmMain.ElaboraModelloIstaC59(DateTime dataOggi)"
"
"
"*** 09/10/2018 - 21:18:43 ***"
"- DESCRIZIONE ERRORE: Errore di sintassi (operatore mancante) nell'espressione della query 'NumeroCamera = '105' AND Id <>'."
"- NOME PROCEDURA:    in System.Data.OleDb.OleDbCommand.ExecuteCommandTextErrorHandling(OleDbHResult hr)
   in System.Data.OleDb.OleDbCommand.ExecuteCommandTextForSingleResult(tagDBPARAMS dbParams, Object& executeResult)
   in System.Data.OleDb.OleDbCommand.ExecuteCommandText(Object& executeResult)
   in System.Data.OleDb.OleDbCommand.ExecuteCommand(CommandBehavior behavior, Object& executeResult)
   in System.Data.OleDb.OleDbCommand.ExecuteReaderInternal(CommandBehavior behavior, String method)
   in System.Data.OleDb.OleDbCommand.ExecuteReader(CommandBehavior behavior)
   in System.Data.OleDb.OleDbCommand.ExecuteReader()
   in Hospitality_Solution.frmPrenCamera.VerificaDisponibilit‡Camera(String numeroCamera, DateTime dataDal, DateTime dataAl, String idPren)"
"
"
"*** 09/10/2018 - 21:23:30 ***"
"- DESCRIZIONE ERRORE: Errore di sintassi (operatore mancante) nell'espressione della query 'NumeroCamera = '106' AND Id <>'."
"- NOME PROCEDURA:    in System.Data.OleDb.OleDbCommand.ExecuteCommandTextErrorHandling(OleDbHResult hr)
   in System.Data.OleDb.OleDbCommand.ExecuteCommandTextForSingleResult(tagDBPARAMS dbParams, Object& executeResult)
   in System.Data.OleDb.OleDbCommand.ExecuteCommandText(Object& executeResult)
   in System.Data.OleDb.OleDbCommand.ExecuteCommand(CommandBehavior behavior, Object& executeResult)
   in System.Data.OleDb.OleDbCommand.ExecuteReaderInternal(CommandBehavior behavior, String method)
   in System.Data.OleDb.OleDbCommand.ExecuteReader(CommandBehavior behavior)
   in System.Data.OleDb.OleDbCommand.ExecuteReader()
   in Hospitality_Solution.frmPrenCamera.VerificaDisponibilit‡Camera(String numeroCamera, DateTime dataDal, DateTime dataAl, String idPren)"
"
"
"*** 09/10/2018 - 21:29:26 ***"
"- DESCRIZIONE ERRORE: Errore di sintassi (operatore mancante) nell'espressione della query 'NumeroCamera = '106' AND Id <>'."
"- NOME PROCEDURA:    in System.Data.OleDb.OleDbCommand.ExecuteCommandTextErrorHandling(OleDbHResult hr)
   in System.Data.OleDb.OleDbCommand.ExecuteCommandTextForSingleResult(tagDBPARAMS dbParams, Object& executeResult)
   in System.Data.OleDb.OleDbCommand.ExecuteCommandText(Object& executeResult)
   in System.Data.OleDb.OleDbCommand.ExecuteCommand(CommandBehavior behavior, Object& executeResult)
   in System.Data.OleDb.OleDbCommand.ExecuteReaderInternal(CommandBehavior behavior, String method)
   in System.Data.OleDb.OleDbCommand.ExecuteReader(CommandBehavior behavior)
   in System.Data.OleDb.OleDbCommand.ExecuteReader()
   in Hospitality_Solution.frmPrenCamera.VerificaDisponibilit‡Camera(String numeroCamera, DateTime dataDal, DateTime dataAl, String idPren)"
"
"
"*** 09/10/2018 - 21:35:22 ***"
"- DESCRIZIONE ERRORE: Riferimento a un oggetto non impostato su un'istanza di oggetto."
"- NOME PROCEDURA:    in Hospitality_Solution.frmMain.ElaboraModelloIstaC59(DateTime dataOggi)"
"
"
"*** 09/10/2018 - 21:35:41 ***"
"- DESCRIZIONE ERRORE: Riferimento a un oggetto non impostato su un'istanza di oggetto."
"- NOME PROCEDURA:    in Hospitality_Solution.frmMain.ElaboraModelloIstaC59(DateTime dataOggi)"
"
"
"*** 09/10/2018 - 21:40:29 ***"
"- DESCRIZIONE ERRORE: Riferimento a un oggetto non impostato su un'istanza di oggetto."
"- NOME PROCEDURA:    in Hospitality_Solution.frmMain.ElaboraModelloIstaC59(DateTime dataOggi)"
"
"
"*** 10/10/2018 - 21:29:12 ***"
"- DESCRIZIONE ERRORE: Errore di sintassi (operatore mancante) nell'espressione della query 'NumeroCamera = '115' AND Id <>'."
"- NOME PROCEDURA:    in System.Data.OleDb.OleDbCommand.ExecuteCommandTextErrorHandling(OleDbHResult hr)
   in System.Data.OleDb.OleDbCommand.ExecuteCommandTextForSingleResult(tagDBPARAMS dbParams, Object& executeResult)
   in System.Data.OleDb.OleDbCommand.ExecuteCommandText(Object& executeResult)
   in System.Data.OleDb.OleDbCommand.ExecuteCommand(CommandBehavior behavior, Object& executeResult)
   in System.Data.OleDb.OleDbCommand.ExecuteReaderInternal(CommandBehavior behavior, String method)
   in System.Data.OleDb.OleDbCommand.ExecuteReader(CommandBehavior behavior)
   in System.Data.OleDb.OleDbCommand.ExecuteReader()
   in Hospitality_Solution.frmPrenCamera.VerificaDisponibilit‡Camera(String numeroCamera, DateTime dataDal, DateTime dataAl, String idPren) in D:\Montana Software - Progetti\Hospitality Solution\Versione 3.3.0.0\Codice\Form\Hotel\PrenCamera.vb:riga 2757"
"
"
"*** 10/10/2018 - 22:07:16 ***"
"- DESCRIZIONE ERRORE: Impossibile risolvere il nome remoto.: 'www.montanasoftware.it'"
"- NOME PROCEDURA:    in System.Net.WebClient.DownloadFile(Uri address, String fileName)
   in System.Net.WebClient.DownloadFile(String address, String fileName)
   in Hospitality_Solution.WebCommunication.LeggiFile(String percorsoRemoto, String percorsoLocale) in D:\Montana Software - Progetti\Hospitality Solution\Versione 3.3.0.0\Codice\Classi\WebCommunication.vb:riga 31
   in Hospitality_Solution.frmMain.VerificaAggiornamenti(Boolean msg) in D:\Montana Software - Progetti\Hospitality Solution\Versione 3.3.0.0\Codice\Form\Hospitality\Main.vb:riga 13857"
"
"
